TN:
SF:index.js
FN:13,(anonymous_0)
FN:14,(anonymous_1)
FN:26,(anonymous_2)
FNF:3
FNH:2
FNDA:1,(anonymous_0)
FNDA:0,(anonymous_1)
FNDA:1,(anonymous_2)
DA:1,1
DA:2,1
DA:3,1
DA:4,1
DA:5,1
DA:6,1
DA:7,1
DA:8,1
DA:11,1
DA:15,0
DA:18,1
DA:20,1
DA:21,1
DA:22,1
DA:23,1
DA:24,1
DA:26,1
DA:27,1
LF:18
LH:17
BRDA:26,0,0,1
BRDA:26,0,1,0
BRF:2
BRH:1
end_of_record
TN:
SF:Controllers\Blogs.controller.js
FN:5,(anonymous_0)
FN:48,(anonymous_1)
FN:54,(anonymous_2)
FN:60,(anonymous_3)
FN:83,(anonymous_4)
FN:96,(anonymous_5)
FNF:6
FNH:0
FNDA:0,(anonymous_0)
FNDA:0,(anonymous_1)
FNDA:0,(anonymous_2)
FNDA:0,(anonymous_3)
FNDA:0,(anonymous_4)
FNDA:0,(anonymous_5)
DA:1,1
DA:5,1
DA:6,0
DA:7,0
DA:8,0
DA:9,0
DA:11,0
DA:12,0
DA:14,0
DA:15,0
DA:17,0
DA:18,0
DA:20,0
DA:21,0
DA:23,0
DA:24,0
DA:26,0
DA:27,0
DA:28,0
DA:29,0
DA:39,0
DA:40,0
DA:43,0
DA:48,1
DA:49,0
DA:50,0
DA:54,1
DA:55,0
DA:56,0
DA:60,1
DA:61,0
DA:62,0
DA:64,0
DA:65,0
DA:68,0
DA:69,0
DA:73,0
DA:74,0
DA:76,0
DA:77,0
DA:83,1
DA:84,0
DA:85,0
DA:86,0
DA:87,0
DA:88,0
DA:90,0
DA:91,0
DA:96,1
DA:97,0
DA:98,0
DA:99,0
DA:100,0
DA:103,0
DA:104,0
DA:105,0
DA:106,0
DA:107,0
DA:108,0
DA:111,0
DA:112,0
DA:113,0
DA:115,0
DA:116,0
LF:64
LH:7
BRDA:8,0,0,0
BRDA:8,0,1,0
BRDA:8,1,0,0
BRDA:8,1,1,0
BRDA:11,2,0,0
BRDA:11,2,1,0
BRDA:11,3,0,0
BRDA:11,3,1,0
BRDA:14,4,0,0
BRDA:14,4,1,0
BRDA:14,5,0,0
BRDA:14,5,1,0
BRDA:17,6,0,0
BRDA:17,6,1,0
BRDA:17,7,0,0
BRDA:17,7,1,0
BRDA:20,8,0,0
BRDA:20,8,1,0
BRDA:23,9,0,0
BRDA:23,9,1,0
BRDA:28,10,0,0
BRDA:28,10,1,0
BRDA:64,11,0,0
BRDA:64,11,1,0
BRDA:68,12,0,0
BRDA:68,12,1,0
BRDA:99,13,0,0
BRDA:99,13,1,0
BRDA:104,14,0,0
BRDA:104,14,1,0
BRF:30
BRH:0
end_of_record
TN:
SF:Controllers\Comment.controller.js
FN:6,(anonymous_0)
FN:50,(anonymous_1)
FN:55,(anonymous_2)
FN:70,(anonymous_3)
FNF:4
FNH:0
FNDA:0,(anonymous_0)
FNDA:0,(anonymous_1)
FNDA:0,(anonymous_2)
FNDA:0,(anonymous_3)
DA:2,1
DA:3,1
DA:4,1
DA:6,1
DA:7,0
DA:8,0
DA:9,0
DA:12,0
DA:13,0
DA:14,0
DA:16,0
DA:17,0
DA:18,0
DA:19,0
DA:22,0
DA:23,0
DA:24,0
DA:27,0
DA:28,0
DA:31,0
DA:37,0
DA:39,0
DA:40,0
DA:45,0
DA:46,0
DA:50,1
DA:52,0
DA:54,0
DA:55,0
DA:56,0
DA:57,0
DA:59,0
DA:65,0
DA:66,0
DA:70,1
DA:71,0
DA:72,0
DA:73,0
DA:74,0
DA:77,0
DA:78,0
DA:79,0
DA:80,0
DA:82,0
DA:85,0
DA:86,0
DA:87,0
DA:89,0
DA:90,0
LF:49
LH:6
BRDA:8,0,0,0
BRDA:8,0,1,0
BRDA:8,1,0,0
BRDA:8,1,1,0
BRDA:8,1,2,0
BRDA:13,2,0,0
BRDA:13,2,1,0
BRDA:18,3,0,0
BRDA:18,3,1,0
BRDA:23,4,0,0
BRDA:23,4,1,0
BRDA:27,5,0,0
BRDA:27,5,1,0
BRDA:56,6,0,0
BRDA:56,6,1,0
BRDA:73,7,0,0
BRDA:73,7,1,0
BRDA:78,8,0,0
BRDA:78,8,1,0
BRF:19
BRH:0
end_of_record
TN:
SF:Controllers\User.controller.js
FN:5,(anonymous_0)
FN:44,(anonymous_1)
FN:49,(anonymous_2)
FN:57,(anonymous_3)
FN:84,(anonymous_4)
FNF:5
FNH:4
FNDA:1,(anonymous_0)
FNDA:1,(anonymous_1)
FNDA:2,(anonymous_2)
FNDA:1,(anonymous_3)
FNDA:0,(anonymous_4)
DA:1,1
DA:2,1
DA:5,1
DA:6,1
DA:7,1
DA:8,1
DA:9,0
DA:11,1
DA:12,0
DA:14,1
DA:15,0
DA:17,1
DA:18,0
DA:20,1
DA:21,0
DA:24,1
DA:25,1
DA:26,1
DA:27,1
DA:28,1
DA:34,1
DA:35,1
DA:37,0
DA:38,0
DA:44,1
DA:45,1
DA:46,1
DA:49,1
DA:50,2
DA:51,2
DA:52,1
DA:54,1
DA:57,1
DA:58,1
DA:59,1
DA:61,1
DA:62,1
DA:65,1
DA:66,0
DA:68,1
DA:69,0
DA:72,1
DA:73,0
DA:74,0
DA:77,1
DA:78,1
DA:80,0
DA:84,1
DA:85,0
DA:86,0
DA:87,0
DA:92,0
LF:52
LH:36
BRDA:8,0,0,0
BRDA:8,0,1,1
BRDA:8,1,0,1
BRDA:8,1,1,1
BRDA:11,2,0,0
BRDA:11,2,1,1
BRDA:11,3,0,1
BRDA:11,3,1,1
BRDA:14,4,0,0
BRDA:14,4,1,1
BRDA:14,5,0,1
BRDA:14,5,1,1
BRDA:17,6,0,0
BRDA:17,6,1,1
BRDA:17,7,0,1
BRDA:17,7,1,1
BRDA:20,8,0,0
BRDA:20,8,1,1
BRDA:26,9,0,0
BRDA:26,9,1,1
BRDA:51,10,0,1
BRDA:51,10,1,1
BRDA:61,11,0,1
BRDA:61,11,1,0
BRDA:65,12,0,0
BRDA:65,12,1,1
BRDA:68,13,0,0
BRDA:68,13,1,1
BRDA:72,14,0,0
BRDA:72,14,1,1
BRF:30
BRH:20
end_of_record
TN:
SF:Controllers\auth.controller.js
FN:7,(anonymous_0)
FN:12,(anonymous_1)
FN:17,(anonymous_2)
FN:35,validate
FNF:4
FNH:3
FNDA:2,(anonymous_0)
FNDA:2,(anonymous_1)
FNDA:0,(anonymous_2)
FNDA:2,validate
DA:1,1
DA:2,1
DA:3,1
DA:4,1
DA:5,1
DA:7,1
DA:8,2
DA:9,2
DA:10,2
DA:12,2
DA:13,2
DA:15,0
DA:18,0
DA:19,0
DA:21,0
DA:29,0
DA:36,2
DA:40,2
LF:18
LH:13
BRDA:10,0,0,0
BRDA:10,0,1,2
BRDA:13,1,0,2
BRDA:13,1,1,0
BRDA:18,2,0,0
BRDA:18,2,1,0
BRF:6
BRH:2
end_of_record
TN:
SF:Controllers\contact.controller.js
FN:6,(anonymous_0)
FN:10,(anonymous_1)
FN:15,(anonymous_2)
FN:23,(anonymous_3)
FN:28,(anonymous_4)
FN:49,validate
FN:58,mainMail
FNF:7
FNH:0
FNDA:0,(anonymous_0)
FNDA:0,(anonymous_1)
FNDA:0,(anonymous_2)
FNDA:0,(anonymous_3)
FNDA:0,(anonymous_4)
FNDA:0,validate
FNDA:0,mainMail
DA:1,1
DA:2,1
DA:3,1
DA:4,1
DA:6,1
DA:7,0
DA:8,0
DA:10,1
DA:11,0
DA:12,0
DA:13,0
DA:15,1
DA:16,0
DA:17,0
DA:18,0
DA:20,0
DA:23,1
DA:24,0
DA:25,0
DA:26,0
DA:28,0
DA:29,0
DA:30,0
DA:32,0
DA:33,0
DA:39,0
DA:40,0
DA:42,0
DA:44,0
DA:45,0
DA:50,0
DA:56,0
DA:59,0
DA:66,0
DA:75,0
DA:76,0
DA:77,0
DA:79,0
DA:80,0
LF:39
LH:8
BRDA:26,0,0,0
BRDA:26,0,1,0
BRDA:29,1,0,0
BRDA:29,1,1,0
BRF:4
BRH:0
end_of_record
TN:
SF:Models\Blog.model.js
FNF:0
FNH:0
DA:1,1
DA:3,1
DA:39,1
LF:3
LH:3
BRF:0
BRH:0
end_of_record
TN:
SF:Models\Comment.js
FNF:0
FNH:0
DA:1,1
DA:3,1
DA:24,1
LF:3
LH:3
BRF:0
BRH:0
end_of_record
TN:
SF:Models\Contact.model.js
FNF:0
FNH:0
DA:1,1
DA:2,1
DA:4,1
DA:23,1
LF:4
LH:4
BRF:0
BRH:0
end_of_record
TN:
SF:Models\User.js
FNF:0
FNH:0
DA:1,1
DA:2,1
DA:4,1
DA:31,1
LF:4
LH:4
BRF:0
BRH:0
end_of_record
TN:
SF:docs\swagger.js
FNF:0
FNH:0
DA:1,1
DA:3,1
LF:2
LH:2
BRF:0
BRH:0
end_of_record
TN:
SF:middleware\authMiddleware.js
FN:3,(anonymous_0)
FN:10,(anonymous_1)
FNF:2
FNH:2
FNDA:2,(anonymous_0)
FNDA:2,(anonymous_1)
DA:1,1
DA:2,1
DA:3,1
DA:4,2
DA:5,2
DA:6,0
DA:8,2
DA:9,2
DA:10,2
DA:11,2
DA:12,0
DA:13,0
DA:17,2
DA:22,0
LF:14
LH:10
BRDA:5,0,0,0
BRDA:5,0,1,2
BRDA:11,1,0,0
BRDA:11,1,1,2
BRF:4
BRH:2
end_of_record
TN:
SF:routes\routes.js
FNF:0
FNH:0
DA:1,1
DA:2,1
DA:3,1
DA:5,1
DA:6,1
DA:7,1
DA:8,1
DA:9,1
DA:10,1
DA:11,1
DA:20,1
DA:22,1
DA:23,1
DA:24,1
DA:25,1
DA:26,1
DA:28,1
DA:29,1
DA:31,1
DA:32,1
DA:33,1
DA:34,1
DA:35,1
DA:38,1
DA:39,1
DA:40,1
DA:42,1
LF:27
LH:27
BRF:0
BRH:0
end_of_record
TN:
SF:utils\cors.js
FN:1,(anonymous_0)
FNF:1
FNH:1
FNDA:9,(anonymous_0)
DA:1,1
DA:2,9
DA:3,9
DA:4,9
DA:5,0
DA:7,9
DA:8,9
LF:7
LH:6
BRDA:4,0,0,0
BRDA:4,0,1,9
BRF:2
BRH:1
end_of_record
TN:
SF:utils\hashPassword.js
FN:3,hashPassword
FNF:1
FNH:1
FNDA:1,hashPassword
DA:1,1
DA:4,1
DA:5,1
DA:6,1
DA:7,1
DA:9,1
LF:6
LH:6
BRF:0
BRH:0
end_of_record
